<?xml version="1.0" encoding="UTF-8"?>
<testng-results skipped="0" failed="0" ignored="0" total="1" passed="1">
  <reporter-output>
  </reporter-output>
  <suite name="Default suite" duration-ms="2431" started-at="2020-06-10T09:51:36Z" finished-at="2020-06-10T09:51:38Z">
    <groups>
    </groups>
    <test name="Default test" duration-ms="2431" started-at="2020-06-10T09:51:36Z" finished-at="2020-06-10T09:51:38Z">
      <class name="com.qa.test.Examples">
        <test-method status="PASS" signature="test_Delete()[pri:0, instance:com.qa.test.Examples@8bd1b6a]" name="test_Delete" duration-ms="2384" started-at="2020-06-10T09:51:36Z" finished-at="2020-06-10T09:51:38Z">
          <reporter-output>
          </reporter-output>
        </test-method> <!-- test_Delete -->
      </class> <!-- com.qa.test.Examples -->
    </test> <!-- Default test -->
  </suite> <!-- Default suite -->
</testng-results>
