<?xml version="1.0" encoding="UTF-8"?>
<testng-results skipped="0" failed="0" ignored="0" total="2" passed="2">
  <reporter-output>
  </reporter-output>
  <suite name="Default suite" duration-ms="6338" started-at="2020-06-09T12:39:25Z" finished-at="2020-06-09T12:39:32Z">
    <groups>
    </groups>
    <test name="Default test" duration-ms="6338" started-at="2020-06-09T12:39:25Z" finished-at="2020-06-09T12:39:32Z">
      <class name="com.qa.test.Test01_GET">
        <test-method status="PASS" signature="test01()[pri:0, instance:com.qa.test.Test01_GET@6767c1fc]" name="test01" duration-ms="3852" started-at="2020-06-09T12:39:25Z" finished-at="2020-06-09T12:39:29Z">
          <reporter-output>
          </reporter-output>
        </test-method> <!-- test01 -->
        <test-method status="PASS" signature="test_02()[pri:0, instance:com.qa.test.Test01_GET@6767c1fc]" name="test_02" duration-ms="2423" started-at="2020-06-09T12:39:29Z" finished-at="2020-06-09T12:39:32Z">
          <reporter-output>
          </reporter-output>
        </test-method> <!-- test_02 -->
      </class> <!-- com.qa.test.Test01_GET -->
    </test> <!-- Default test -->
  </suite> <!-- Default suite -->
</testng-results>
